nohup: ignoring input
Namespace(arch='resnet20', batch_size=4096, datasets='CIFAR10', direction_type='pca', epoch=100, load_path='/home/DiskB/rqding/checkpoints/visualization/train_path_one_sgd_state/save_net_resnet20_000.pt', lr=0.04, momentum=0.9, mult_gpu=True, name='train_path_two_adam_state', optimizer='adam', randomseed=2, save_dir='./../checkpoints/visualization', save_direction_type='', smalldatasets=None, weight_decay=0.0001, workers=4)
Random Seed: 2
normal dataset!
Files already downloaded and verified
50000
10000
=> loading checkpoint '/home/DiskB/rqding/checkpoints/visualization/train_path_one_sgd_state/save_net_resnet20_000.pt'
Epoch 0
21.43
Epoch 1
27.62
Epoch 2
33.98
Epoch 3
38.03
Epoch 4
44.95
Epoch 5
49.68
Epoch 6
51.9
Epoch 7
55.0
Epoch 8
55.84
Epoch 9
56.7
Epoch 10
58.35
Epoch 11
58.69
Epoch 12
61.36
Epoch 13
59.84
Epoch 14
64.01
Epoch 15
64.8
Epoch 16
64.61
Epoch 17
64.84
Epoch 18
63.48
Epoch 19
65.72
Epoch 20
66.12
Epoch 21
67.4
Epoch 22
69.63
Epoch 23
66.31
Epoch 24
66.34
Epoch 25
63.7
Epoch 26
68.63
Epoch 27
69.35
Epoch 28
70.44
Epoch 29
73.1
Epoch 30
73.01
Epoch 31
73.67
Epoch 32
70.26
Epoch 33
74.59
Epoch 34
72.25
Epoch 35
74.35
Epoch 36
74.29
Epoch 37
74.26
Epoch 38
75.63
Epoch 39
76.81
Epoch 40
76.18
Epoch 41
73.74
Epoch 42
74.92
Epoch 43
73.58
Epoch 44
75.93
Epoch 45
74.09
Epoch 46
74.76
Epoch 47
78.12
Epoch 48
77.49
Epoch 49
78.43
Epoch 50
78.13
Epoch 51
76.61
Epoch 52
74.84
Epoch 53
77.91
Epoch 54
77.05
Epoch 55
74.93
Epoch 56
77.69
Epoch 57
79.85
Epoch 58
79.5
Epoch 59
79.67
Epoch 60
79.38
Epoch 61
80.2
Epoch 62
81.02
Epoch 63
75.09
Epoch 64
78.2
Epoch 65
81.2
Epoch 66
79.31
Epoch 67
78.25
Epoch 68
74.49
Epoch 69
77.49
Epoch 70
78.92
Epoch 71
79.24
Epoch 72
78.82
Epoch 73
81.5
Epoch 74
79.4
Epoch 75
78.59
Epoch 76
79.9
Epoch 77
76.52
Epoch 78
80.19
Epoch 79
79.8
Epoch 80
79.14
Epoch 81
78.61
Epoch 82
80.3
Epoch 83
78.48
Epoch 84
80.79
Epoch 85
79.16
Epoch 86
79.3
Epoch 87
81.72
Epoch 88
79.29
Epoch 89
81.19
Epoch 90
80.05
Epoch 91
80.56
Epoch 92
79.46
Epoch 93
78.39
Epoch 94
82.71
Epoch 95
73.84
Epoch 96
78.99
Epoch 97
80.92
Epoch 98
79.13
Epoch 99
80.69
finish
