nohup: ignoring input
Namespace(arch='resnet20', batch_size=4096, datasets='CIFAR10', direction_type='pca', epoch=100, load_path='', lr=0.04, momentum=0.9, mult_gpu=True, name='train_path_one_sgd_state', optimizer='sgd', randomseed=1, save_dir='./../checkpoints/visualization', save_direction_type='state', smalldatasets=None, weight_decay=0.0001, workers=4)
Random Seed: 1
normal dataset!
Files already downloaded and verified
50000
10000
Epoch 0
17.6
Epoch 1
33.14
Epoch 2
38.54
Epoch 3
41.44
Epoch 4
41.21
Epoch 5
42.16
Epoch 6
46.79
Epoch 7
49.79
Epoch 8
51.74
Epoch 9
53.79
Epoch 10
52.73
Epoch 11
54.47
Epoch 12
57.89
Epoch 13
56.1
Epoch 14
58.33
Epoch 15
59.31
Epoch 16
60.78
Epoch 17
59.32
Epoch 18
63.25
Epoch 19
56.22
Epoch 20
63.54
Epoch 21
64.95
Epoch 22
65.23
Epoch 23
67.27
Epoch 24
67.12
Epoch 25
65.36
Epoch 26
68.65
Epoch 27
69.08
Epoch 28
67.44
Epoch 29
69.51
Epoch 30
70.42
Epoch 31
69.09
Epoch 32
69.12
Epoch 33
68.38
Epoch 34
69.1
Epoch 35
71.75
Epoch 36
69.65
Epoch 37
72.72
Epoch 38
71.35
Epoch 39
73.89
Epoch 40
72.3
Epoch 41
73.8
Epoch 42
70.05
Epoch 43
70.31
Epoch 44
73.67
Epoch 45
72.34
Epoch 46
72.77
Epoch 47
73.56
Epoch 48
74.79
Epoch 49
76.08
Epoch 50
76.94
Epoch 51
74.4
Epoch 52
74.81
Epoch 53
73.73
Epoch 54
74.82
Epoch 55
77.66
Epoch 56
77.51
Epoch 57
74.65
Epoch 58
76.23
Epoch 59
77.23
Epoch 60
77.72
Epoch 61
75.88
Epoch 62
76.91
Epoch 63
77.6
Epoch 64
76.24
Epoch 65
77.07
Epoch 66
78.65
Epoch 67
78.21
Epoch 68
77.38
Epoch 69
78.34
Epoch 70
79.61
Epoch 71
78.72
Epoch 72
78.78
Epoch 73
77.77
Epoch 74
79.37
Epoch 75
75.87
Epoch 76
79.24
Epoch 77
77.56
Epoch 78
77.63
Epoch 79
78.38
Epoch 80
78.24
Epoch 81
80.92
Epoch 82
79.59
Epoch 83
80.4
Epoch 84
79.22
Epoch 85
76.79
Epoch 86
79.55
Epoch 87
79.16
Epoch 88
78.15
Epoch 89
81.14
Epoch 90
81.47
Epoch 91
81.32
Epoch 92
76.52
Epoch 93
81.18
Epoch 94
79.5
Epoch 95
81.61
Epoch 96
80.02
Epoch 97
80.26
Epoch 98
81.27
Epoch 99
76.09
save type:  state
finish
